

Version:	3.14
CmdLine:	C:\Users\Sean\Documents\ForkGit\Topdrip\TopdripCardGen.exe --l4j-debug
WOW64:		yes
Working dir:	C:\Users\Sean\Documents\ForkGit\Topdrip\.
Java min ver:	1.006.000
Java max ver:	
64-bit search:	SOFTWARE\JavaSoft\Java Runtime Environment...
Check:		SOFTWARE\JavaSoft\Java Runtime Environment\1.8
Check launcher:	C:\Program Files\Java\jre1.8.0_51\bin\javaw.exe (OK)
Match:		1.008.000
Check:		SOFTWARE\JavaSoft\Java Runtime Environment\1.8.0_51
Check launcher:	C:\Program Files\Java\jre1.8.0_51\bin\javaw.exe (OK)
Match:		1.008.000_051
64-bit search:	SOFTWARE\JavaSoft\Java Development Kit...
64-bit search:	SOFTWARE\JavaSoft\JRE...
64-bit search:	SOFTWARE\JavaSoft\JDK...
Check:		SOFTWARE\JavaSoft\JDK\11.0.11
Check launcher:	C:\Program Files\Java\jdk-11.0.11\bin\javaw.exe (OK)
Match:		1.011.000_011
Check:		SOFTWARE\JavaSoft\JDK\14.0.2
Check launcher:	C:\Program Files\Java\jdk-14.0.2\bin\javaw.exe (OK)
Match:		1.014.000_002
Runtime used:	1.014.000_002 (64-bit)
Launcher:	C:\Program Files\Java\jdk-14.0.2\bin\javaw.exe
Launcher args:	-jar "C:\Users\Sean\Documents\ForkGit\Topdrip\TopdripCardGen.exe"
Args length:	65/32768 chars
Exit code:	1


Version:	3.14
CmdLine:	C:\Users\Sean\Documents\ForkGit\Topdrip\TopdripCardGen.exe --l4j-debug
WOW64:		yes
Working dir:	C:\Users\Sean\Documents\ForkGit\Topdrip\.
Java min ver:	1.006.000
Java max ver:	
64-bit search:	SOFTWARE\JavaSoft\Java Runtime Environment...
Check:		SOFTWARE\JavaSoft\Java Runtime Environment\1.8
Check launcher:	C:\Program Files\Java\jre1.8.0_51\bin\javaw.exe (OK)
Match:		1.008.000
Check:		SOFTWARE\JavaSoft\Java Runtime Environment\1.8.0_51
Check launcher:	C:\Program Files\Java\jre1.8.0_51\bin\javaw.exe (OK)
Match:		1.008.000_051
64-bit search:	SOFTWARE\JavaSoft\Java Development Kit...
64-bit search:	SOFTWARE\JavaSoft\JRE...
64-bit search:	SOFTWARE\JavaSoft\JDK...
Check:		SOFTWARE\JavaSoft\JDK\11.0.11
Check launcher:	C:\Program Files\Java\jdk-11.0.11\bin\javaw.exe (OK)
Match:		1.011.000_011
Check:		SOFTWARE\JavaSoft\JDK\14.0.2
Check launcher:	C:\Program Files\Java\jdk-14.0.2\bin\javaw.exe (OK)
Match:		1.014.000_002
Runtime used:	1.014.000_002 (64-bit)
Launcher:	C:\Program Files\Java\jdk-14.0.2\bin\javaw.exe
Launcher args:	-jar "C:\Users\Sean\Documents\ForkGit\Topdrip\TopdripCardGen.exe"
Args length:	65/32768 chars
Exit code:	1


Version:	3.14
CmdLine:	C:\Users\Sean\Documents\ForkGit\Topdrip\TopdripCardGen.exe --l4j-debug
WOW64:		yes
Working dir:	C:\Users\Sean\Documents\ForkGit\Topdrip\.
Java min ver:	1.006.000
Java max ver:	
64-bit search:	SOFTWARE\JavaSoft\Java Runtime Environment...
Check:		SOFTWARE\JavaSoft\Java Runtime Environment\1.8
Check launcher:	C:\Program Files\Java\jre1.8.0_51\bin\javaw.exe (OK)
Match:		1.008.000
Check:		SOFTWARE\JavaSoft\Java Runtime Environment\1.8.0_51
Check launcher:	C:\Program Files\Java\jre1.8.0_51\bin\javaw.exe (OK)
Match:		1.008.000_051
64-bit search:	SOFTWARE\JavaSoft\Java Development Kit...
64-bit search:	SOFTWARE\JavaSoft\JRE...
64-bit search:	SOFTWARE\JavaSoft\JDK...
Check:		SOFTWARE\JavaSoft\JDK\11.0.11
Check launcher:	C:\Program Files\Java\jdk-11.0.11\bin\javaw.exe (OK)
Match:		1.011.000_011
Check:		SOFTWARE\JavaSoft\JDK\14.0.2
Check launcher:	C:\Program Files\Java\jdk-14.0.2\bin\javaw.exe (OK)
Match:		1.014.000_002
Runtime used:	1.014.000_002 (64-bit)
Launcher:	C:\Program Files\Java\jdk-14.0.2\bin\javaw.exe
Launcher args:	-jar "C:\Users\Sean\Documents\ForkGit\Topdrip\TopdripCardGen.exe"
Args length:	65/32768 chars
Exit code:	1


Version:	3.14
CmdLine:	C:\Users\Sean\Documents\ForkGit\Topdrip\TopdripCardGen.exe --l4j-debug
WOW64:		yes
Working dir:	C:\Users\Sean\Documents\ForkGit\Topdrip\.
Java min ver:	1.006.000
Java max ver:	
64-bit search:	SOFTWARE\JavaSoft\Java Runtime Environment...
Check:		SOFTWARE\JavaSoft\Java Runtime Environment\1.8
Check launcher:	C:\Program Files\Java\jre1.8.0_51\bin\javaw.exe (OK)
Match:		1.008.000
Check:		SOFTWARE\JavaSoft\Java Runtime Environment\1.8.0_51
Check launcher:	C:\Program Files\Java\jre1.8.0_51\bin\javaw.exe (OK)
Match:		1.008.000_051
64-bit search:	SOFTWARE\JavaSoft\Java Development Kit...
64-bit search:	SOFTWARE\JavaSoft\JRE...
64-bit search:	SOFTWARE\JavaSoft\JDK...
Check:		SOFTWARE\JavaSoft\JDK\11.0.11
Check launcher:	C:\Program Files\Java\jdk-11.0.11\bin\javaw.exe (OK)
Match:		1.011.000_011
Check:		SOFTWARE\JavaSoft\JDK\14.0.2
Check launcher:	C:\Program Files\Java\jdk-14.0.2\bin\javaw.exe (OK)
Match:		1.014.000_002
Runtime used:	1.014.000_002 (64-bit)
Launcher:	C:\Program Files\Java\jdk-14.0.2\bin\javaw.exe
Launcher args:	-jar "C:\Users\Sean\Documents\ForkGit\Topdrip\TopdripCardGen.exe"
Args length:	65/32768 chars
Exit code:	1


Version:	3.14
CmdLine:	C:\Users\Sean\Documents\ForkGit\Topdrip\TopdripCardGen.exe --l4j-debug
WOW64:		yes
Working dir:	C:\Users\Sean\Documents\ForkGit\Topdrip\.
Java min ver:	1.006.000
Java max ver:	
64-bit search:	SOFTWARE\JavaSoft\Java Runtime Environment...
Check:		SOFTWARE\JavaSoft\Java Runtime Environment\1.8
Check launcher:	C:\Program Files\Java\jre1.8.0_51\bin\javaw.exe (OK)
Match:		1.008.000
Check:		SOFTWARE\JavaSoft\Java Runtime Environment\1.8.0_51
Check launcher:	C:\Program Files\Java\jre1.8.0_51\bin\javaw.exe (OK)
Match:		1.008.000_051
64-bit search:	SOFTWARE\JavaSoft\Java Development Kit...
64-bit search:	SOFTWARE\JavaSoft\JRE...
64-bit search:	SOFTWARE\JavaSoft\JDK...
Check:		SOFTWARE\JavaSoft\JDK\11.0.11
Check launcher:	C:\Program Files\Java\jdk-11.0.11\bin\javaw.exe (OK)
Match:		1.011.000_011
Check:		SOFTWARE\JavaSoft\JDK\14.0.2
Check launcher:	C:\Program Files\Java\jdk-14.0.2\bin\javaw.exe (OK)
Match:		1.014.000_002
Runtime used:	1.014.000_002 (64-bit)
Launcher:	C:\Program Files\Java\jdk-14.0.2\bin\javaw.exe
Launcher args:	-jar "C:\Users\Sean\Documents\ForkGit\Topdrip\TopdripCardGen.exe"
Args length:	65/32768 chars
Exit code:	1


Version:	3.14
CmdLine:	C:\Users\Sean\Documents\ForkGit\Topdrip\TopdripCardGen.exe --l4j-debug
WOW64:		yes
Working dir:	C:\Users\Sean\Documents\ForkGit\Topdrip\.
Java min ver:	1.006.000
Java max ver:	
64-bit search:	SOFTWARE\JavaSoft\Java Runtime Environment...
Check:		SOFTWARE\JavaSoft\Java Runtime Environment\1.8
Check launcher:	C:\Program Files\Java\jre1.8.0_51\bin\javaw.exe (OK)
Match:		1.008.000
Check:		SOFTWARE\JavaSoft\Java Runtime Environment\1.8.0_51
Check launcher:	C:\Program Files\Java\jre1.8.0_51\bin\javaw.exe (OK)
Match:		1.008.000_051
64-bit search:	SOFTWARE\JavaSoft\Java Development Kit...
64-bit search:	SOFTWARE\JavaSoft\JRE...
64-bit search:	SOFTWARE\JavaSoft\JDK...
Check:		SOFTWARE\JavaSoft\JDK\11.0.11
Check launcher:	C:\Program Files\Java\jdk-11.0.11\bin\javaw.exe (OK)
Match:		1.011.000_011
Check:		SOFTWARE\JavaSoft\JDK\14.0.2
Check launcher:	C:\Program Files\Java\jdk-14.0.2\bin\javaw.exe (OK)
Match:		1.014.000_002
Runtime used:	1.014.000_002 (64-bit)
Launcher:	C:\Program Files\Java\jdk-14.0.2\bin\javaw.exe
Launcher args:	-jar "C:\Users\Sean\Documents\ForkGit\Topdrip\TopdripCardGen.exe"
Args length:	65/32768 chars
Exit code:	1


Version:	3.14
CmdLine:	C:\Users\Sean\Documents\ForkGit\Topdrip\TopdripCardGen.exe --l4j-debug
WOW64:		yes
Working dir:	C:\Users\Sean\Documents\ForkGit\Topdrip\.
Java min ver:	1.006.000
Java max ver:	
64-bit search:	SOFTWARE\JavaSoft\Java Runtime Environment...
Check:		SOFTWARE\JavaSoft\Java Runtime Environment\1.8
Check launcher:	C:\Program Files\Java\jre1.8.0_51\bin\javaw.exe (OK)
Match:		1.008.000
Check:		SOFTWARE\JavaSoft\Java Runtime Environment\1.8.0_51
Check launcher:	C:\Program Files\Java\jre1.8.0_51\bin\javaw.exe (OK)
Match:		1.008.000_051
64-bit search:	SOFTWARE\JavaSoft\Java Development Kit...
64-bit search:	SOFTWARE\JavaSoft\JRE...
64-bit search:	SOFTWARE\JavaSoft\JDK...
Check:		SOFTWARE\JavaSoft\JDK\11.0.11
Check launcher:	C:\Program Files\Java\jdk-11.0.11\bin\javaw.exe (OK)
Match:		1.011.000_011
Check:		SOFTWARE\JavaSoft\JDK\14.0.2
Check launcher:	C:\Program Files\Java\jdk-14.0.2\bin\javaw.exe (OK)
Match:		1.014.000_002
Runtime used:	1.014.000_002 (64-bit)
Launcher:	C:\Program Files\Java\jdk-14.0.2\bin\javaw.exe
Launcher args:	-jar "C:\Users\Sean\Documents\ForkGit\Topdrip\TopdripCardGen.exe"
Args length:	65/32768 chars
Exit code:	0


Version:	3.14
CmdLine:	C:\Users\Sean\Documents\ForkGit\Topdrip\TopdripCardGen.exe --l4j-debug
WOW64:		yes
Working dir:	C:\Users\Sean\Documents\ForkGit\Topdrip\.
Java min ver:	1.006.000
Java max ver:	
64-bit search:	SOFTWARE\JavaSoft\Java Runtime Environment...
Check:		SOFTWARE\JavaSoft\Java Runtime Environment\1.8
Check launcher:	C:\Program Files\Java\jre1.8.0_51\bin\javaw.exe (OK)
Match:		1.008.000
Check:		SOFTWARE\JavaSoft\Java Runtime Environment\1.8.0_51
Check launcher:	C:\Program Files\Java\jre1.8.0_51\bin\javaw.exe (OK)
Match:		1.008.000_051
64-bit search:	SOFTWARE\JavaSoft\Java Development Kit...
64-bit search:	SOFTWARE\JavaSoft\JRE...
64-bit search:	SOFTWARE\JavaSoft\JDK...
Check:		SOFTWARE\JavaSoft\JDK\11.0.11
Check launcher:	C:\Program Files\Java\jdk-11.0.11\bin\javaw.exe (OK)
Match:		1.011.000_011
Check:		SOFTWARE\JavaSoft\JDK\14.0.2
Check launcher:	C:\Program Files\Java\jdk-14.0.2\bin\javaw.exe (OK)
Match:		1.014.000_002
Runtime used:	1.014.000_002 (64-bit)
Launcher:	C:\Program Files\Java\jdk-14.0.2\bin\javaw.exe
Launcher args:	-jar "C:\Users\Sean\Documents\ForkGit\Topdrip\TopdripCardGen.exe"
Args length:	65/32768 chars
Exit code:	0


Version:	3.14
CmdLine:	C:\Users\Sean\Documents\ForkGit\Topdrip\TopdripDashboard.exe --l4j-debug
WOW64:		yes
Working dir:	C:\Users\Sean\Documents\ForkGit\Topdrip\.
Java min ver:	1.006.000
Java max ver:	
64-bit search:	SOFTWARE\JavaSoft\Java Runtime Environment...
Check:		SOFTWARE\JavaSoft\Java Runtime Environment\1.8
Check launcher:	C:\Program Files\Java\jre1.8.0_51\bin\javaw.exe (OK)
Match:		1.008.000
Check:		SOFTWARE\JavaSoft\Java Runtime Environment\1.8.0_51
Check launcher:	C:\Program Files\Java\jre1.8.0_51\bin\javaw.exe (OK)
Match:		1.008.000_051
64-bit search:	SOFTWARE\JavaSoft\Java Development Kit...
64-bit search:	SOFTWARE\JavaSoft\JRE...
64-bit search:	SOFTWARE\JavaSoft\JDK...
Check:		SOFTWARE\JavaSoft\JDK\11.0.11
Check launcher:	C:\Program Files\Java\jdk-11.0.11\bin\javaw.exe (OK)
Match:		1.011.000_011
Check:		SOFTWARE\JavaSoft\JDK\14.0.2
Check launcher:	C:\Program Files\Java\jdk-14.0.2\bin\javaw.exe (OK)
Match:		1.014.000_002
Runtime used:	1.014.000_002 (64-bit)
Launcher:	C:\Program Files\Java\jdk-14.0.2\bin\javaw.exe
Launcher args:	-jar "C:\Users\Sean\Documents\ForkGit\Topdrip\TopdripDashboard.exe"
Args length:	67/32768 chars
Exit code:	0
